<?xml version="1.0" encoding="UTF-8"?>
<!-- Generated by org.testng.reporters.JUnitXMLReporter -->
<testsuite ignored="0" hostname="SL25" failures="2" tests="4" name="Default test" time="13.424" errors="0" timestamp="2026-03-06T15:08:39 IST">
  <testcase classname="io.cucumber.testng.AbstractTestNGCucumberTests" name="runScenario" time="3.414"/>
  <testcase classname="io.cucumber.testng.AbstractTestNGCucumberTests" name="runScenario" time="1.732">
    <failure type="java.lang.AssertionError" message="Article creation failed! expected [true] but found [false]">
      <![CDATA[java.lang.AssertionError: Article creation failed! expected [true] but found [false]
at org.testng.Assert.fail(Assert.java:111)
at org.testng.Assert.failNotEquals(Assert.java:1590)
at org.testng.Assert.assertTrue(Assert.java:57)
at stepDefs.TestDefs.article_must_be_created(TestDefs.java:95)
at ✽.Article must be Created(file:///C:/workspace/CucumberArticle/src/test/resources/features/Article.feature:13)
]]>
    </failure>
  </testcase> <!-- runScenario -->
  <testcase classname="io.cucumber.testng.AbstractTestNGCucumberTests" name="runScenario" time="1.739">
    <failure type="java.lang.AssertionError" message="Article update failed! expected [true] but found [false]">
      <![CDATA[java.lang.AssertionError: Article update failed! expected [true] but found [false]
at org.testng.Assert.fail(Assert.java:111)
at org.testng.Assert.failNotEquals(Assert.java:1590)
at org.testng.Assert.assertTrue(Assert.java:57)
at stepDefs.TestDefs.article_should_be_updated(TestDefs.java:127)
at ✽.Article Should be Updated(file:///C:/workspace/CucumberArticle/src/test/resources/features/Article.feature:25)
]]>
    </failure>
  </testcase> <!-- runScenario -->
  <testcase classname="io.cucumber.testng.AbstractTestNGCucumberTests" name="runScenario" time="0.838"/>
</testsuite> <!-- Default test -->
