<?xml version="1.0" encoding="UTF-8"?>
<!-- Generated by org.testng.reporters.JUnitReportReporter -->
<testsuite hostname="SL25" failures="0" tests="4" name="runners.Testrunner" time="6.322" errors="0" timestamp="2026-03-06T14:26:50 IST" skipped="0">
  <testcase classname="runners.Testrunner" name="runScenario" time="1.407"/>
  <testcase classname="runners.Testrunner" name="runScenario" time="0.704"/>
  <testcase classname="runners.Testrunner" name="runScenario" time="2.658"/>
  <testcase classname="runners.Testrunner" name="runScenario" time="1.553"/>
</testsuite> <!-- runners.Testrunner -->
