<?xml version="1.0" encoding="UTF-8"?>
<!-- Generated by org.testng.reporters.JUnitReportReporter -->
<testsuite hostname="SL25" failures="0" tests="4" name="runners.Testrunner" time="9.616" errors="0" timestamp="2026-03-06T11:09:46 IST" skipped="0">
  <testcase classname="runners.Testrunner" name="runScenario" time="1.878"/>
  <testcase classname="runners.Testrunner" name="runScenario" time="0.852"/>
  <testcase classname="runners.Testrunner" name="runScenario" time="4.907"/>
  <testcase classname="runners.Testrunner" name="runScenario" time="1.979"/>
</testsuite> <!-- runners.Testrunner -->
